<?xml version="1.0" encoding="UTF-8"?>
<testsuite xmlns:xsi="http://www.w3.org/2001/XMLSchema-instance" xsi:noNamespaceSchemaLocation="https://maven.apache.org/surefire/maven-surefire-plugin/xsd/surefire-test-report-3.0.xsd" version="3.0" name="YahooMail.pages.YahooDemo" time="130.807" tests="1" errors="0" skipped="0" failures="0">
  <properties>
[...]
</properties>
  <testcase name="LaunchYahooapp" classname="YahooMail.pages.YahooDemo" time="130.607">
    <system-out><![CDATA[2023-10-10 23:08:27
2023-10-10 23:09:03
2023-10-10 23:09:07
2023-10-10 23:09:13
2023-10-10 23:09:17
2023-10-10 23:09:31
2023-10-10 23:09:41
2023-10-10 23:09:46
2023-10-10 23:09:51
2023-10-10 23:09:55
2023-10-10 23:10:10
2023-10-10 23:10:18
]]></system-out>
  </testcase>
</testsuite>